Pipeline log for file /home/anhvu/Desktop/mykointrons-data/data/Assembly/Kocim1_AssemblyScaffolds.fasta
================================== ./classify-introns-d6.log ==========================================
INFO:root:Validation of model bestmodels/ascomycota/intron-model-C-25-d-6.hd5 on testset intron-dataset.csv; d=6
INFO:root:Performance metrics:
 -TP: 9539
 -FP: 18223
 -TN: 7472
 -FN: 1227
Accuracy: 0.46655330352979896
Precision: 0.34359916432533677
Recall: 0.8860300947427086
================================== ./label-introns.log ==========================================
INFO:root:Parsing introns from /home/anhvu/Desktop/mykointrons-data/new-sequences/Kocim1/Kocim1-introns.fasta file.
INFO:root:Total number of introns: 38991
INFO:root:Scaffolds, that the candidates were extracted from: ['scaffold_1' 'scaffold_2' 'scaffold_3' 'scaffold_4' 'scaffold_5'
 'scaffold_6' 'scaffold_7' 'scaffold_8' 'scaffold_9' 'scaffold_10'
 'scaffold_11' 'scaffold_12' 'scaffold_13' 'scaffold_14' 'scaffold_15'
 'scaffold_16' 'scaffold_17' 'scaffold_18' 'scaffold_19' 'scaffold_20'
 'scaffold_21' 'scaffold_22' 'scaffold_23' 'scaffold_24' 'scaffold_25'
 'scaffold_26' 'scaffold_27' 'scaffold_28' 'scaffold_29' 'scaffold_30'
 'scaffold_31' 'scaffold_32' 'scaffold_33' 'scaffold_34' 'scaffold_35'
 'scaffold_38']
INFO:root:Number of true introns on the given (+/-) strand: 19911
INFO:root:Number of introns in the range 40 - 100: 14204
INFO:root:10766/36461 candidates are positive introns
